[ 2015-07-09T11:39:40+08:00 ] 127.0.0.1 /index.php?g=&m=AdminTerm&a=listorders
INFO: [ app_begin ] --START--
INFO: Run Behavior\ReadHtmlCacheBehavior [ RunTime:0.000000s ]
INFO: Run Behavior\CheckLangBehavior [ RunTime:0.002001s ]
INFO: [ app_begin ] --END-- [ RunTime:0.003001s ]
SQL: SHOW COLUMNS FROM `iuc_users` [ RunTime:0.0020s ]
SQL: SELECT * FROM `iuc_users` WHERE ( id=1 ) LIMIT 1   [ RunTime:0.0000s ]
SQL: SHOW COLUMNS FROM `iuc_terms` [ RunTime:0.0020s ]
SQL: UPDATE `iuc_terms` SET `listorder`='2' WHERE `term_id` = 1 [ RunTime:0.0010s ]
SQL: UPDATE `iuc_terms` SET `listorder`='0' WHERE `term_id` = 3 [ RunTime:0.0000s ]
SQL: UPDATE `iuc_terms` SET `listorder`='0' WHERE `term_id` = 2 [ RunTime:0.0010s ]

[ 2015-07-09T11:41:10+08:00 ] 127.0.0.1 /index.php?g=&m=AdminTerm&a=listorders
INFO: [ app_begin ] --START--
INFO: Run Behavior\ReadHtmlCacheBehavior [ RunTime:0.001000s ]
INFO: Run Behavior\CheckLangBehavior [ RunTime:0.001000s ]
INFO: [ app_begin ] --END-- [ RunTime:0.003000s ]
SQL: SHOW COLUMNS FROM `iuc_users` [ RunTime:0.0020s ]
SQL: SELECT * FROM `iuc_users` WHERE ( id=1 ) LIMIT 1   [ RunTime:0.0000s ]
SQL: SHOW COLUMNS FROM `iuc_terms` [ RunTime:0.0010s ]
SQL: UPDATE `iuc_terms` SET `listorder`='1' WHERE `term_id` = 2 [ RunTime:0.0000s ]
SQL: UPDATE `iuc_terms` SET `listorder`='2' WHERE `term_id` = 1 [ RunTime:0.0010s ]
SQL: UPDATE `iuc_terms` SET `listorder`='0' WHERE `term_id` = 3 [ RunTime:0.0000s ]

[ 2015-07-09T11:44:11+08:00 ] 127.0.0.1 /index.php?g=&m=AdminTerm&a=listorders
INFO: [ app_begin ] --START--
INFO: Run Behavior\ReadHtmlCacheBehavior [ RunTime:0.002000s ]
INFO: Run Behavior\CheckLangBehavior [ RunTime:0.001000s ]
INFO: [ app_begin ] --END-- [ RunTime:0.003000s ]
SQL: SHOW COLUMNS FROM `iuc_users` [ RunTime:0.0020s ]
SQL: SELECT * FROM `iuc_users` WHERE ( id=1 ) LIMIT 1   [ RunTime:0.0000s ]
SQL: SHOW COLUMNS FROM `iuc_terms` [ RunTime:0.0020s ]
SQL: UPDATE `iuc_terms` SET `listorder`='1' WHERE `term_id` = 2 [ RunTime:0.0000s ]
SQL: UPDATE `iuc_terms` SET `listorder`='2' WHERE `term_id` = 1 [ RunTime:0.0010s ]
SQL: UPDATE `iuc_terms` SET `listorder`='3' WHERE `term_id` = 3 [ RunTime:0.0000s ]

[ 2015-07-09T19:08:06+08:00 ] 192.168.0.147 /touch.min.js
ERR: 无法加载控制器:Touch.min

[ 2015-07-09T19:08:06+08:00 ] 192.168.0.147 /css/ina_models.css
ERR: 无法加载控制器:Css

[ 2015-07-09T19:08:06+08:00 ] 192.168.0.147 /touch.min.js
ERR: 无法加载控制器:Touch.min

[ 2015-07-09T19:08:06+08:00 ] 192.168.0.147 /css/ina_models.css
ERR: 无法加载控制器:Css

