[ 2015-07-07T18:33:21+08:00 ] 127.0.0.1 /index.php?g=Products&m=Index&a=desList&menuid=163
ERR: 无法加载控制器:Index

[ 2015-07-07T18:33:50+08:00 ] 127.0.0.1 /index.php?g=Products&m=Index&a=desList&menuid=163
ERR: 无法加载控制器:Index

[ 2015-07-07T18:33:53+08:00 ] 127.0.0.1 /index.php?g=Products&m=Index&a=desList&menuid=163
ERR: 无法加载控制器:Index

[ 2015-07-07T18:34:08+08:00 ] 127.0.0.1 /index.php?g=Products&m=Index&a=desList&menuid=163
ERR: 无法加载控制器:Index

[ 2015-07-07T18:34:24+08:00 ] 127.0.0.1 /index.php?g=Products&m=Index&a=desList&menuid=163
ERR: 无法加载控制器:Index

[ 2015-07-07T18:34:28+08:00 ] 127.0.0.1 /index.php?g=Products&m=Index&a=desList&menuid=163
ERR: 无法加载控制器:Index

[ 2015-07-07T18:35:32+08:00 ] 127.0.0.1 /index.php?g=Products&m=Index&a=desList&menuid=163
ERR: 无法加载控制器:Index

[ 2015-07-07T18:35:58+08:00 ] 127.0.0.1 /index.php?g=Products&m=Index&a=desList&menuid=163
ERR: 无法加载控制器:Index

[ 2015-07-07T18:36:45+08:00 ] 127.0.0.1 /index.php?g=Products&m=Index&a=desList&menuid=163
ERR: 无法加载控制器:Index

[ 2015-07-07T18:40:29+08:00 ] 127.0.0.1 /index.php?g=Products&m=Index&a=desList&menuid=163
ERR: 无法加载控制器:Index

[ 2015-07-07T18:42:22+08:00 ] 127.0.0.1 /index.php?g=Products&m=Index&a=desList&menuid=163
ERR: 无法加载控制器:Index

[ 2015-07-07T18:42:39+08:00 ] 127.0.0.1 /index.php?g=Products&m=Index&a=desList&menuid=163
ERR: 无法加载控制器:Index

[ 2015-07-07T18:43:41+08:00 ] 127.0.0.1 /index.php?g=Products&m=Index&a=desList&menuid=163
ERR: 无法加载控制器:Index

[ 2015-07-07T18:44:34+08:00 ] 127.0.0.1 /index.php?g=Products&m=Index&a=desList&menuid=163
ERR: 模板不存在:tpl_admin/simpleboot/Products/Index/deslist.html

[ 2015-07-07T18:45:14+08:00 ] 127.0.0.1 /index.php?g=Products&m=Index&a=desList&menuid=163
ERR: 模板不存在:tpl_admin/simpleboot/Products/Index/deslist.html

[ 2015-07-07T18:46:33+08:00 ] 127.0.0.1 /index.php?g=Products&m=AdminPost&a=add&term=
ERR: 无法加载控制器:AdminPost

[ 2015-07-07T18:57:18+08:00 ] 127.0.0.1 /index.php?g=Products&c=Index&a=getSeriesList&id=9&lsttype=logo&jsoncallback=jQuery180023089562122718355_1436266635552&_=1436266638250
INFO: [ app_begin ] --START--
INFO: Run Behavior\ReadHtmlCacheBehavior [ RunTime:0.001000s ]
INFO: Run Behavior\CheckLangBehavior [ RunTime:0.001000s ]
INFO: [ app_begin ] --END-- [ RunTime:0.002000s ]
SQL: SHOW COLUMNS FROM `iuc_users` [ RunTime:0.0030s ]
SQL: SELECT * FROM `iuc_users` WHERE ( id=1 ) LIMIT 1   [ RunTime:0.0000s ]

[ 2015-07-07T18:58:16+08:00 ] 127.0.0.1 /index.php?g=Products&c=Index&a=getSeriesList&id=9&lsttype=logo&jsoncallback=jQuery18005530466797158309_1436266694126&_=1436266696241
INFO: [ app_begin ] --START--
INFO: Run Behavior\ReadHtmlCacheBehavior [ RunTime:0.000000s ]
INFO: Run Behavior\CheckLangBehavior [ RunTime:0.001000s ]
INFO: [ app_begin ] --END-- [ RunTime:0.002000s ]
SQL: SHOW COLUMNS FROM `iuc_users` [ RunTime:0.0020s ]
SQL: SELECT * FROM `iuc_users` WHERE ( id=1 ) LIMIT 1   [ RunTime:0.0000s ]
SQL: SHOW COLUMNS FROM `iuc_series` [ RunTime:0.0030s ]
SQL: SHOW COLUMNS FROM `iuc_brand` [ RunTime:0.0030s ]
ERR: Think\Model:getBrandList方法不存在！

[ 2015-07-07T18:58:26+08:00 ] 127.0.0.1 /index.php?g=Products&c=Index&a=getSeriesList&id=9&lsttype=logo&jsoncallback=jQuery180047026573216688305_1436266703934&_=1436266706262
INFO: [ app_begin ] --START--
INFO: Run Behavior\ReadHtmlCacheBehavior [ RunTime:0.000000s ]
INFO: Run Behavior\CheckLangBehavior [ RunTime:0.001000s ]
INFO: [ app_begin ] --END-- [ RunTime:0.002000s ]
SQL: SHOW COLUMNS FROM `iuc_users` [ RunTime:0.0020s ]
SQL: SELECT * FROM `iuc_users` WHERE ( id=1 ) LIMIT 1   [ RunTime:0.0000s ]
SQL: SHOW COLUMNS FROM `iuc_series` [ RunTime:0.0020s ]
SQL: SHOW COLUMNS FROM `iuc_brand` [ RunTime:0.0020s ]
ERR: Think\Model:getBrandList方法不存在！

[ 2015-07-07T18:59:04+08:00 ] 127.0.0.1 /index.php?g=Products&c=Index&a=getSeriesList&id=9&lsttype=logo&jsoncallback=jQuery180047026573216688305_1436266703934&_=1436266706262
ERR: Think\Model:getBrandList方法不存在！

[ 2015-07-07T18:59:35+08:00 ] 127.0.0.1 /index.php?g=Products&c=Index&a=getSeriesList&id=9&lsttype=logo&jsoncallback=jQuery180047026573216688305_1436266703934&_=1436266706262
ERR: SQLSTATE[42S02]: Base table or view not found: 1146 Table 'iucars.iuc_pro_brand' doesn't exist

[ 2015-07-07T18:59:53+08:00 ] 127.0.0.1 /index.php?g=Products&c=Index&a=getSeriesList&id=9&lsttype=logo&jsoncallback=jQuery18009191074414316777_1436266790439&_=1436266793469
INFO: [ app_begin ] --START--
INFO: Run Behavior\ReadHtmlCacheBehavior [ RunTime:0.001000s ]
INFO: Run Behavior\CheckLangBehavior [ RunTime:0.001000s ]
INFO: [ app_begin ] --END-- [ RunTime:0.002000s ]
SQL: SHOW COLUMNS FROM `iuc_users` [ RunTime:0.0020s ]
SQL: SELECT * FROM `iuc_users` WHERE ( id=1 ) LIMIT 1   [ RunTime:0.0000s ]
SQL: SHOW COLUMNS FROM `iuc_series` [ RunTime:0.0010s ]
SQL: SHOW COLUMNS FROM `iuc_brand` [ RunTime:0.0030s ]
SQL: SELECT name,brand_id,logo_id FROM `iuc_brand` WHERE `logo_id` = 9 AND `isshow` = 'yes' ORDER BY `id` DESC  [ RunTime:0.0000s ]
SQL: SELECT `showname`,`bseries_id`,`minprice`,`maxprice` FROM `iuc_series` WHERE `brand_id` = 20219 AND `isshow` = 'yes' AND `salestate` IN ('在销','待销') AND `level` <> '概念车' ORDER BY `id` DESC  [ RunTime:0.0000s ]
SQL: SELECT `showname`,`bseries_id`,`minprice`,`maxprice` FROM `iuc_series` WHERE `brand_id` = 20004 AND `isshow` = 'yes' AND `salestate` IN ('在销','待销') AND `level` <> '概念车' ORDER BY `id` DESC  [ RunTime:0.0010s ]
SQL: SELECT `showname`,`bseries_id`,`minprice`,`maxprice` FROM `iuc_series` WHERE `brand_id` = 10000 AND `isshow` = 'yes' AND `salestate` IN ('在销','待销') AND `level` <> '概念车' ORDER BY `id` DESC  [ RunTime:0.0000s ]

[ 2015-07-07T19:00:24+08:00 ] 127.0.0.1 /index.php?g=Products&c=Index&a=getSeriesList&id=9&lsttype=logo&jsoncallback=jQuery180084013920287401_1436266822504&_=1436266824479
INFO: [ app_begin ] --START--
INFO: Run Behavior\ReadHtmlCacheBehavior [ RunTime:0.001000s ]
INFO: Run Behavior\CheckLangBehavior [ RunTime:0.001000s ]
INFO: [ app_begin ] --END-- [ RunTime:0.002000s ]
SQL: SHOW COLUMNS FROM `iuc_users` [ RunTime:0.0020s ]
SQL: SELECT * FROM `iuc_users` WHERE ( id=1 ) LIMIT 1   [ RunTime:0.0010s ]
SQL: SHOW COLUMNS FROM `iuc_series` [ RunTime:0.0020s ]
SQL: SHOW COLUMNS FROM `iuc_brand` [ RunTime:0.0020s ]
SQL: SELECT name,brand_id,logo_id FROM `iuc_brand` WHERE `logo_id` = 9 AND `isshow` = 'yes' ORDER BY `id` DESC  [ RunTime:0.0000s ]
SQL: SELECT `showname`,`bseries_id`,`minprice`,`maxprice` FROM `iuc_series` WHERE `brand_id` = 20219 AND `isshow` = 'yes' AND `salestate` IN ('在销','待销') AND `level` <> '概念车' ORDER BY `id` DESC  [ RunTime:0.0010s ]
SQL: SELECT `showname`,`bseries_id`,`minprice`,`maxprice` FROM `iuc_series` WHERE `brand_id` = 20004 AND `isshow` = 'yes' AND `salestate` IN ('在销','待销') AND `level` <> '概念车' ORDER BY `id` DESC  [ RunTime:0.0010s ]
SQL: SELECT `showname`,`bseries_id`,`minprice`,`maxprice` FROM `iuc_series` WHERE `brand_id` = 10000 AND `isshow` = 'yes' AND `salestate` IN ('在销','待销') AND `level` <> '概念车' ORDER BY `id` DESC  [ RunTime:0.0000s ]

[ 2015-07-07T19:01:15+08:00 ] 127.0.0.1 /index.php?g=Products&c=Index&a=getSeriesList&id=9&lsttype=logo&jsoncallback=jQuery180024075588469651676_1436266873291&_=1436266875756
INFO: [ app_begin ] --START--
INFO: Run Behavior\ReadHtmlCacheBehavior [ RunTime:0.001000s ]
INFO: Run Behavior\CheckLangBehavior [ RunTime:0.001000s ]
INFO: [ app_begin ] --END-- [ RunTime:0.003000s ]
SQL: SHOW COLUMNS FROM `iuc_users` [ RunTime:0.0020s ]
SQL: SELECT * FROM `iuc_users` WHERE ( id=1 ) LIMIT 1   [ RunTime:0.0010s ]
SQL: SHOW COLUMNS FROM `iuc_series` [ RunTime:0.0020s ]
SQL: SHOW COLUMNS FROM `iuc_brand` [ RunTime:0.0020s ]
SQL: SELECT name,brand_id,logo_id FROM `iuc_brand` WHERE `logo_id` = 9 AND `isshow` = 'yes' ORDER BY `id` DESC  [ RunTime:0.0010s ]
SQL: SELECT `showname`,`bseries_id`,`minprice`,`maxprice` FROM `iuc_series` WHERE `brand_id` = 20219 AND `isshow` = 'yes' AND `salestate` IN ('在销','待销') AND `level` <> '概念车' ORDER BY `id` DESC  [ RunTime:0.0000s ]
SQL: SELECT `showname`,`bseries_id`,`minprice`,`maxprice` FROM `iuc_series` WHERE `brand_id` = 20004 AND `isshow` = 'yes' AND `salestate` IN ('在销','待销') AND `level` <> '概念车' ORDER BY `id` DESC  [ RunTime:0.0010s ]
SQL: SELECT `showname`,`bseries_id`,`minprice`,`maxprice` FROM `iuc_series` WHERE `brand_id` = 10000 AND `isshow` = 'yes' AND `salestate` IN ('在销','待销') AND `level` <> '概念车' ORDER BY `id` DESC  [ RunTime:0.0010s ]

[ 2015-07-07T19:01:17+08:00 ] 127.0.0.1 /index.php?g=Products&c=Index&a=getModelList&id=3824&lsttype=model&jsoncallback=jQuery180024075588469651676_1436266873291&_=1436266877784
INFO: [ app_begin ] --START--
INFO: Run Behavior\ReadHtmlCacheBehavior [ RunTime:0.000000s ]
INFO: Run Behavior\CheckLangBehavior [ RunTime:0.000000s ]
INFO: [ app_begin ] --END-- [ RunTime:0.001000s ]
SQL: SHOW COLUMNS FROM `iuc_users` [ RunTime:0.0030s ]
SQL: SELECT * FROM `iuc_users` WHERE ( id=1 ) LIMIT 1   [ RunTime:0.0010s ]
ERR: SQLSTATE[42S02]: Base table or view not found: 1146 Table 'iucars.iuc_models' doesn't exist

[ 2015-07-07T19:01:46+08:00 ] 127.0.0.1 /index.php?g=Products&c=Index&a=getSeriesList&id=9&lsttype=logo&jsoncallback=jQuery18006881552542877293_1436266903951&_=1436266906030
INFO: [ app_begin ] --START--
INFO: Run Behavior\ReadHtmlCacheBehavior [ RunTime:0.001000s ]
INFO: Run Behavior\CheckLangBehavior [ RunTime:0.001000s ]
INFO: [ app_begin ] --END-- [ RunTime:0.002000s ]
SQL: SHOW COLUMNS FROM `iuc_users` [ RunTime:0.0020s ]
SQL: SELECT * FROM `iuc_users` WHERE ( id=1 ) LIMIT 1   [ RunTime:0.0000s ]
SQL: SHOW COLUMNS FROM `iuc_series` [ RunTime:0.0020s ]
SQL: SHOW COLUMNS FROM `iuc_brand` [ RunTime:0.0020s ]
SQL: SELECT name,brand_id,logo_id FROM `iuc_brand` WHERE `logo_id` = 9 AND `isshow` = 'yes' ORDER BY `id` DESC  [ RunTime:0.0000s ]
SQL: SELECT `showname`,`bseries_id`,`minprice`,`maxprice` FROM `iuc_series` WHERE `brand_id` = 20219 AND `isshow` = 'yes' AND `salestate` IN ('在销','待销') AND `level` <> '概念车' ORDER BY `id` DESC  [ RunTime:0.0010s ]
SQL: SELECT `showname`,`bseries_id`,`minprice`,`maxprice` FROM `iuc_series` WHERE `brand_id` = 20004 AND `isshow` = 'yes' AND `salestate` IN ('在销','待销') AND `level` <> '概念车' ORDER BY `id` DESC  [ RunTime:0.0000s ]
SQL: SELECT `showname`,`bseries_id`,`minprice`,`maxprice` FROM `iuc_series` WHERE `brand_id` = 10000 AND `isshow` = 'yes' AND `salestate` IN ('在销','待销') AND `level` <> '概念车' ORDER BY `id` DESC  [ RunTime:0.0000s ]

[ 2015-07-07T19:01:47+08:00 ] 127.0.0.1 /index.php?g=Products&c=Index&a=getModelList&id=3824&lsttype=model&jsoncallback=jQuery18006881552542877293_1436266903951&_=1436266907404
INFO: [ app_begin ] --START--
INFO: Run Behavior\ReadHtmlCacheBehavior [ RunTime:0.001000s ]
INFO: Run Behavior\CheckLangBehavior [ RunTime:0.001000s ]
INFO: [ app_begin ] --END-- [ RunTime:0.003000s ]
SQL: SHOW COLUMNS FROM `iuc_users` [ RunTime:0.0030s ]
SQL: SELECT * FROM `iuc_users` WHERE ( id=1 ) LIMIT 1   [ RunTime:0.0000s ]
ERR: SQLSTATE[42S02]: Base table or view not found: 1146 Table 'iucars.iuc_pro_model' doesn't exist

[ 2015-07-07T19:01:54+08:00 ] 127.0.0.1 /index.php?g=Products&c=Index&a=getModelList&id=3824&lsttype=model&jsoncallback=jQuery18006881552542877293_1436266903951&_=1436266907404
ERR: SQLSTATE[42S02]: Base table or view not found: 1146 Table 'iucars.iuc_pro_model' doesn't exist

[ 2015-07-07T19:02:23+08:00 ] 127.0.0.1 /index.php?g=Products&c=Index&a=getSeriesList&id=9&lsttype=logo&jsoncallback=jQuery18006645404006308346_1436266941184&_=1436266943767
INFO: [ app_begin ] --START--
INFO: Run Behavior\ReadHtmlCacheBehavior [ RunTime:0.000000s ]
INFO: Run Behavior\CheckLangBehavior [ RunTime:0.001001s ]
INFO: [ app_begin ] --END-- [ RunTime:0.002001s ]
SQL: SHOW COLUMNS FROM `iuc_users` [ RunTime:0.0020s ]
SQL: SELECT * FROM `iuc_users` WHERE ( id=1 ) LIMIT 1   [ RunTime:0.0000s ]
SQL: SHOW COLUMNS FROM `iuc_series` [ RunTime:0.0020s ]
SQL: SHOW COLUMNS FROM `iuc_brand` [ RunTime:0.0020s ]
SQL: SELECT name,brand_id,logo_id FROM `iuc_brand` WHERE `logo_id` = 9 AND `isshow` = 'yes' ORDER BY `id` DESC  [ RunTime:0.0000s ]
SQL: SELECT `showname`,`bseries_id`,`minprice`,`maxprice` FROM `iuc_series` WHERE `brand_id` = 20219 AND `isshow` = 'yes' AND `salestate` IN ('在销','待销') AND `level` <> '概念车' ORDER BY `id` DESC  [ RunTime:0.0010s ]
SQL: SELECT `showname`,`bseries_id`,`minprice`,`maxprice` FROM `iuc_series` WHERE `brand_id` = 20004 AND `isshow` = 'yes' AND `salestate` IN ('在销','待销') AND `level` <> '概念车' ORDER BY `id` DESC  [ RunTime:0.0010s ]
SQL: SELECT `showname`,`bseries_id`,`minprice`,`maxprice` FROM `iuc_series` WHERE `brand_id` = 10000 AND `isshow` = 'yes' AND `salestate` IN ('在销','待销') AND `level` <> '概念车' ORDER BY `id` DESC  [ RunTime:0.0010s ]

[ 2015-07-07T19:02:25+08:00 ] 127.0.0.1 /index.php?g=Products&c=Index&a=getModelList&id=3841&lsttype=model&jsoncallback=jQuery18006645404006308346_1436266941184&_=1436266945283
INFO: [ app_begin ] --START--
INFO: Run Behavior\ReadHtmlCacheBehavior [ RunTime:0.001000s ]
INFO: Run Behavior\CheckLangBehavior [ RunTime:0.001000s ]
INFO: [ app_begin ] --END-- [ RunTime:0.002000s ]
SQL: SHOW COLUMNS FROM `iuc_users` [ RunTime:0.0020s ]
SQL: SELECT * FROM `iuc_users` WHERE ( id=1 ) LIMIT 1   [ RunTime:0.0010s ]
SQL: SHOW COLUMNS FROM `iuc_model` [ RunTime:0.0020s ]
SQL: SELECT `model_id`,`model_year` FROM `iuc_model` WHERE `bseries_id` = 3841 AND `isshow` = 'yes' GROUP BY model_year ORDER BY `model_year` DESC  [ RunTime:0.0010s ]

[ 2015-07-07T19:02:45+08:00 ] 127.0.0.1 /index.php?g=Products&m=AdminPost&a=listorders
INFO: [ app_begin ] --START--
INFO: Run Behavior\ReadHtmlCacheBehavior [ RunTime:0.001000s ]
INFO: Run Behavior\CheckLangBehavior [ RunTime:0.001000s ]
INFO: [ app_begin ] --END-- [ RunTime:0.002000s ]
ERR: 无法加载控制器:AdminPost

[ 2015-07-07T19:13:06+08:00 ] 127.0.0.1 /index.php?g=Products&m=Index&a=desList&menuid=163
ERR: Think\Model:getInfoList方法不存在！

[ 2015-07-07T19:14:03+08:00 ] 127.0.0.1 /index.php?g=Products&m=Index&a=desList&menuid=163
ERR: Think\Model:getLogoInfo方法不存在！

