[ 2015-07-07T17:59:05+08:00 ] 127.0.0.1 /index.php?g=Admin&m=public&a=dologin
INFO: [ app_begin ] --START--
INFO: Run Behavior\ReadHtmlCacheBehavior [ RunTime:0.000000s ]
INFO: Run Behavior\CheckLangBehavior [ RunTime:0.001000s ]
INFO: [ app_begin ] --END-- [ RunTime:0.002000s ]
SQL: SHOW COLUMNS FROM `iuc_users` [ RunTime:0.0020s ]
SQL: SELECT * FROM `iuc_users` WHERE `user_login` = 'admin' LIMIT 1   [ RunTime:0.0000s ]
SQL: SHOW COLUMNS FROM `iuc_role_user` [ RunTime:0.0020s ]
SQL: SELECT `role_id` FROM iuc_role_user a INNER JOIN iuc_role as b on a.role_id =b.id  WHERE `user_id` = '1' AND `status` = 1  [ RunTime:0.0010s ]
SQL: UPDATE `iuc_users` SET `user_login`='admin',`user_pass`='ebd5a5bd2f77e10adc3949ba59abbe56e057f20f883ebdd7',`user_nicename`='admin',`user_email`='1716583003@qq.com',`user_url`='',`avatar`=NULL,`sex`='0',`birthday`=NULL,`signature`=NULL,`last_login_ip`='127.0.0.1',`last_login_time`='2015-07-07 17:59:05',`create_time`='2015-07-07 05:53:24',`user_activation_key`='',`user_status`='1',`score`='0',`user_type`='1' WHERE `id` = '1' [ RunTime:0.0010s ]

[ 2015-07-07T18:00:47+08:00 ] 127.0.0.1 /index.php?g=Admin&m=Menu&a=index&menuid=100
NOTIC: D方法实例化没找到模型类Common\Model\AuthRuleModel

[ 2015-07-07T18:06:05+08:00 ] 127.0.0.1 /index.php?g=Admin&m=Menu&a=index&menuid=100
NOTIC: D方法实例化没找到模型类Common\Model\AuthRuleModel

[ 2015-07-07T18:06:15+08:00 ] 127.0.0.1 /index.php?g=Admin&m=Menu&a=add&parentid=39&menuid=100
NOTIC: D方法实例化没找到模型类Common\Model\AuthRuleModel

[ 2015-07-07T18:06:18+08:00 ] 127.0.0.1 /index.php/Admin/Menu
NOTIC: D方法实例化没找到模型类Common\Model\AuthRuleModel

[ 2015-07-07T18:06:34+08:00 ] 127.0.0.1 /index.php?g=Admin&m=Menu&a=edit&id=156
NOTIC: D方法实例化没找到模型类Common\Model\AuthRuleModel

[ 2015-07-07T18:06:39+08:00 ] 127.0.0.1 /index.php?g=Admin&m=Menu&a=edit_post
INFO: [ app_begin ] --START--
INFO: Run Behavior\ReadHtmlCacheBehavior [ RunTime:0.001000s ]
INFO: Run Behavior\CheckLangBehavior [ RunTime:0.001000s ]
INFO: [ app_begin ] --END-- [ RunTime:0.002000s ]
SQL: SHOW COLUMNS FROM `iuc_users` [ RunTime:0.0020s ]
SQL: SELECT * FROM `iuc_users` WHERE ( id=1 ) LIMIT 1   [ RunTime:0.0010s ]
SQL: SHOW COLUMNS FROM `iuc_menu` [ RunTime:0.0020s ]
NOTIC: D方法实例化没找到模型类Common\Model\AuthRuleModel
SQL: SHOW COLUMNS FROM `iuc_auth_rule` [ RunTime:0.0020s ]
SQL: SELECT `id` FROM `iuc_menu` WHERE `app` = 'Admin' AND `model` = 'Storage' AND `action` = 'index' LIMIT 1   [ RunTime:0.0010s ]
SQL: UPDATE `iuc_menu` SET `parentid`='39',`name`='文件存储',`app`='Admin',`model`='Storage',`action`='index',`data`='',`icon`='',`remark`='',`status`='0',`type`='1' WHERE `id` = 156 [ RunTime:0.0000s ]
SQL: SELECT * FROM `iuc_auth_rule` WHERE `name` = 'admin/storage/index' LIMIT 1   [ RunTime:0.0010s ]
SQL: UPDATE `iuc_auth_rule` SET `name`='admin/storage/index',`module`='Admin',`type`='admin_url',`title`='文件存储' WHERE `name` = 'admin/storage/index' [ RunTime:0.0010s ]

[ 2015-07-07T18:06:39+08:00 ] 127.0.0.1 /index.php?g=Admin&m=Menu&a=edit&id=156
NOTIC: D方法实例化没找到模型类Common\Model\AuthRuleModel

[ 2015-07-07T18:06:42+08:00 ] 127.0.0.1 /index.php/Admin/Menu
NOTIC: D方法实例化没找到模型类Common\Model\AuthRuleModel

[ 2015-07-07T18:06:48+08:00 ] 127.0.0.1 /index.php?g=Admin&m=Menu&a=edit&id=68
NOTIC: D方法实例化没找到模型类Common\Model\AuthRuleModel

[ 2015-07-07T18:06:51+08:00 ] 127.0.0.1 /index.php?g=Admin&m=Menu&a=edit_post
INFO: [ app_begin ] --START--
INFO: Run Behavior\ReadHtmlCacheBehavior [ RunTime:0.001000s ]
INFO: Run Behavior\CheckLangBehavior [ RunTime:0.001000s ]
INFO: [ app_begin ] --END-- [ RunTime:0.002000s ]
SQL: SHOW COLUMNS FROM `iuc_users` [ RunTime:0.0030s ]
SQL: SELECT * FROM `iuc_users` WHERE ( id=1 ) LIMIT 1   [ RunTime:0.0010s ]
SQL: SHOW COLUMNS FROM `iuc_menu` [ RunTime:0.0020s ]
NOTIC: D方法实例化没找到模型类Common\Model\AuthRuleModel
SQL: SHOW COLUMNS FROM `iuc_auth_rule` [ RunTime:0.0010s ]
SQL: SELECT `id` FROM `iuc_menu` WHERE `app` = 'Admin' AND `model` = 'Ad' AND `action` = 'index' LIMIT 1   [ RunTime:0.0000s ]
SQL: UPDATE `iuc_menu` SET `parentid`='39',`name`='网站广告',`app`='Admin',`model`='Ad',`action`='index',`data`='',`icon`='',`remark`='',`status`='0',`type`='1' WHERE `id` = 68 [ RunTime:0.0000s ]
SQL: SELECT * FROM `iuc_auth_rule` WHERE `name` = 'admin/ad/index' LIMIT 1   [ RunTime:0.0000s ]
SQL: UPDATE `iuc_auth_rule` SET `name`='admin/ad/index',`module`='Admin',`type`='admin_url',`title`='网站广告' WHERE `name` = 'admin/ad/index' [ RunTime:0.0000s ]

[ 2015-07-07T18:06:51+08:00 ] 127.0.0.1 /index.php?g=Admin&m=Menu&a=edit&id=68
NOTIC: D方法实例化没找到模型类Common\Model\AuthRuleModel

[ 2015-07-07T18:06:55+08:00 ] 127.0.0.1 /index.php/Admin/Menu
NOTIC: D方法实例化没找到模型类Common\Model\AuthRuleModel

[ 2015-07-07T18:07:05+08:00 ] 127.0.0.1 /index.php?g=Admin&m=Menu&a=edit&id=75
NOTIC: D方法实例化没找到模型类Common\Model\AuthRuleModel

[ 2015-07-07T18:07:07+08:00 ] 127.0.0.1 /index.php?g=Admin&m=Menu&a=edit_post
INFO: [ app_begin ] --START--
INFO: Run Behavior\ReadHtmlCacheBehavior [ RunTime:0.001000s ]
INFO: Run Behavior\CheckLangBehavior [ RunTime:0.000000s ]
INFO: [ app_begin ] --END-- [ RunTime:0.001000s ]
SQL: SHOW COLUMNS FROM `iuc_users` [ RunTime:0.0030s ]
SQL: SELECT * FROM `iuc_users` WHERE ( id=1 ) LIMIT 1   [ RunTime:0.0000s ]
SQL: SHOW COLUMNS FROM `iuc_menu` [ RunTime:0.0020s ]
NOTIC: D方法实例化没找到模型类Common\Model\AuthRuleModel
SQL: SHOW COLUMNS FROM `iuc_auth_rule` [ RunTime:0.0020s ]
SQL: SELECT `id` FROM `iuc_menu` WHERE `app` = 'Admin' AND `model` = 'Link' AND `action` = 'index' LIMIT 1   [ RunTime:0.0000s ]
SQL: UPDATE `iuc_menu` SET `parentid`='39',`name`='友情链接',`app`='Admin',`model`='Link',`action`='index',`data`='',`icon`='',`remark`='',`status`='0',`type`='0' WHERE `id` = 75 [ RunTime:0.0010s ]
SQL: SELECT * FROM `iuc_auth_rule` WHERE `name` = 'admin/link/index' LIMIT 1   [ RunTime:0.0000s ]
SQL: UPDATE `iuc_auth_rule` SET `name`='admin/link/index',`module`='Admin',`type`='admin_url',`title`='友情链接' WHERE `name` = 'admin/link/index' [ RunTime:0.0000s ]

[ 2015-07-07T18:07:07+08:00 ] 127.0.0.1 /index.php?g=Admin&m=Menu&a=edit&id=75
NOTIC: D方法实例化没找到模型类Common\Model\AuthRuleModel

[ 2015-07-07T18:07:10+08:00 ] 127.0.0.1 /index.php/Admin/Menu
NOTIC: D方法实例化没找到模型类Common\Model\AuthRuleModel

[ 2015-07-07T18:07:25+08:00 ] 127.0.0.1 /index.php?g=Admin&m=Menu&a=index&menuid=100
NOTIC: D方法实例化没找到模型类Common\Model\AuthRuleModel

[ 2015-07-07T18:07:30+08:00 ] 127.0.0.1 /index.php?g=Admin&m=Menu&a=edit&id=53&menuid=100
NOTIC: D方法实例化没找到模型类Common\Model\AuthRuleModel

[ 2015-07-07T18:07:34+08:00 ] 127.0.0.1 /index.php?g=Admin&m=Menu&a=edit_post
INFO: [ app_begin ] --START--
INFO: Run Behavior\ReadHtmlCacheBehavior [ RunTime:0.001000s ]
INFO: Run Behavior\CheckLangBehavior [ RunTime:0.001000s ]
INFO: [ app_begin ] --END-- [ RunTime:0.002000s ]
SQL: SHOW COLUMNS FROM `iuc_users` [ RunTime:0.0030s ]
SQL: SELECT * FROM `iuc_users` WHERE ( id=1 ) LIMIT 1   [ RunTime:0.0000s ]
SQL: SHOW COLUMNS FROM `iuc_menu` [ RunTime:0.0030s ]
NOTIC: D方法实例化没找到模型类Common\Model\AuthRuleModel
SQL: SHOW COLUMNS FROM `iuc_auth_rule` [ RunTime:0.0020s ]
SQL: SELECT `id` FROM `iuc_menu` WHERE `app` = 'Admin' AND `model` = 'Slide' AND `action` = 'default' LIMIT 1   [ RunTime:0.0000s ]
SQL: UPDATE `iuc_menu` SET `parentid`='39',`name`='幻灯片',`app`='Admin',`model`='Slide',`action`='default',`data`='',`icon`='',`remark`='',`status`='0',`type`='1' WHERE `id` = 53 [ RunTime:0.0010s ]
SQL: SELECT * FROM `iuc_auth_rule` WHERE `name` = 'admin/slide/default' LIMIT 1   [ RunTime:0.0000s ]
SQL: UPDATE `iuc_auth_rule` SET `name`='admin/slide/default',`module`='Admin',`type`='admin_url',`title`='幻灯片' WHERE `name` = 'admin/slide/default' [ RunTime:0.0010s ]

[ 2015-07-07T18:07:34+08:00 ] 127.0.0.1 /index.php?g=Admin&m=Menu&a=edit&id=53&menuid=100
NOTIC: D方法实例化没找到模型类Common\Model\AuthRuleModel

[ 2015-07-07T18:08:45+08:00 ] 127.0.0.1 /index.php?g=Admin&m=Menu&a=index&menuid=100
NOTIC: D方法实例化没找到模型类Common\Model\AuthRuleModel

[ 2015-07-07T18:08:56+08:00 ] 127.0.0.1 /index.php?g=Admin&m=menu&a=add
NOTIC: D方法实例化没找到模型类Common\Model\AuthRuleModel

[ 2015-07-07T18:09:37+08:00 ] 127.0.0.1 /index.php?g=Admin&m=Menu&a=add_post
INFO: [ app_begin ] --START--
INFO: Run Behavior\ReadHtmlCacheBehavior [ RunTime:0.001000s ]
INFO: Run Behavior\CheckLangBehavior [ RunTime:0.002000s ]
INFO: [ app_begin ] --END-- [ RunTime:0.003000s ]
SQL: SHOW COLUMNS FROM `iuc_users` [ RunTime:0.0030s ]
SQL: SELECT * FROM `iuc_users` WHERE ( id=1 ) LIMIT 1   [ RunTime:0.0000s ]
SQL: SHOW COLUMNS FROM `iuc_menu` [ RunTime:0.0020s ]
NOTIC: D方法实例化没找到模型类Common\Model\AuthRuleModel
SQL: SHOW COLUMNS FROM `iuc_auth_rule` [ RunTime:0.0020s ]
SQL: SELECT * FROM `iuc_menu` WHERE `app` = 'Admin' AND `model` = 'Products' AND `action` = 'desList' LIMIT 1   [ RunTime:0.0000s ]
SQL: SELECT `parentid` FROM `iuc_menu` WHERE `id` = 0 LIMIT 1   [ RunTime:0.0000s ]
SQL: INSERT INTO `iuc_menu` (`parentid`,`name`,`app`,`model`,`action`,`data`,`icon`,`remark`,`status`,`type`) VALUES ('0','产品管理','Admin','Products','desList','','','','1','1') [ RunTime:0.0000s ]
SQL: SELECT * FROM `iuc_auth_rule` WHERE `name` = 'admin/products/deslist' LIMIT 1   [ RunTime:0.0000s ]
SQL: INSERT INTO `iuc_auth_rule` (`name`,`module`,`type`,`title`) VALUES ('admin/products/deslist','Admin','admin_url','产品管理') [ RunTime:0.0000s ]

[ 2015-07-07T18:09:37+08:00 ] 127.0.0.1 /index.php?g=Admin&m=Menu&a=index
NOTIC: D方法实例化没找到模型类Common\Model\AuthRuleModel

[ 2015-07-07T18:09:48+08:00 ] 127.0.0.1 /index.php?g=Admin&m=Menu&a=edit&id=162
NOTIC: D方法实例化没找到模型类Common\Model\AuthRuleModel

[ 2015-07-07T18:10:10+08:00 ] 127.0.0.1 /index.php?g=Admin&m=Menu&a=edit&id=162
NOTIC: D方法实例化没找到模型类Common\Model\AuthRuleModel

[ 2015-07-07T18:10:17+08:00 ] 127.0.0.1 /index.php?g=Admin&m=Menu&a=edit_post
INFO: [ app_begin ] --START--
INFO: Run Behavior\ReadHtmlCacheBehavior [ RunTime:0.001000s ]
INFO: Run Behavior\CheckLangBehavior [ RunTime:0.001000s ]
INFO: [ app_begin ] --END-- [ RunTime:0.002000s ]
SQL: SHOW COLUMNS FROM `iuc_users` [ RunTime:0.0020s ]
SQL: SELECT * FROM `iuc_users` WHERE ( id=1 ) LIMIT 1   [ RunTime:0.0000s ]
SQL: SHOW COLUMNS FROM `iuc_menu` [ RunTime:0.0020s ]
NOTIC: D方法实例化没找到模型类Common\Model\AuthRuleModel
SQL: SHOW COLUMNS FROM `iuc_auth_rule` [ RunTime:0.0020s ]
SQL: SELECT `id` FROM `iuc_menu` WHERE `app` = 'Admin' AND `model` = 'Products' AND `action` = 'default' LIMIT 1   [ RunTime:0.0010s ]
SQL: UPDATE `iuc_menu` SET `parentid`='0',`name`='产品管理',`app`='Admin',`model`='Products',`action`='default',`data`='',`icon`='',`remark`='',`status`='1',`type`='1' WHERE `id` = 162 [ RunTime:0.0010s ]
SQL: SELECT * FROM `iuc_auth_rule` WHERE `name` = 'admin/products/default' LIMIT 1   [ RunTime:0.0000s ]
SQL: INSERT INTO `iuc_auth_rule` (`name`,`module`,`type`,`title`) VALUES ('admin/products/default','Admin','admin_url','产品管理') [ RunTime:0.0000s ]

[ 2015-07-07T18:10:17+08:00 ] 127.0.0.1 /index.php?g=Admin&m=Menu&a=edit&id=162
NOTIC: D方法实例化没找到模型类Common\Model\AuthRuleModel

[ 2015-07-07T18:10:27+08:00 ] 127.0.0.1 /index.php?g=Admin&m=Products&a=default&menuid=162
ERR: 无法加载控制器:Products

[ 2015-07-07T18:10:34+08:00 ] 127.0.0.1 /index.php?g=Admin&m=Menu&a=index&menuid=100
NOTIC: D方法实例化没找到模型类Common\Model\AuthRuleModel

[ 2015-07-07T18:10:37+08:00 ] 127.0.0.1 /index.php?g=Admin&m=Menu&a=add&parentid=162&menuid=100
NOTIC: D方法实例化没找到模型类Common\Model\AuthRuleModel

[ 2015-07-07T18:11:02+08:00 ] 127.0.0.1 /index.php?g=Admin&m=Menu&a=add_post
INFO: [ app_begin ] --START--
INFO: Run Behavior\ReadHtmlCacheBehavior [ RunTime:0.000000s ]
INFO: Run Behavior\CheckLangBehavior [ RunTime:0.001000s ]
INFO: [ app_begin ] --END-- [ RunTime:0.002000s ]
SQL: SHOW COLUMNS FROM `iuc_users` [ RunTime:0.0030s ]
SQL: SELECT * FROM `iuc_users` WHERE ( id=1 ) LIMIT 1   [ RunTime:0.0010s ]
SQL: SHOW COLUMNS FROM `iuc_menu` [ RunTime:0.0020s ]
NOTIC: D方法实例化没找到模型类Common\Model\AuthRuleModel
SQL: SHOW COLUMNS FROM `iuc_auth_rule` [ RunTime:0.0020s ]
SQL: SELECT * FROM `iuc_menu` WHERE `app` = 'Admin' AND `model` = 'Products' AND `action` = 'desList' LIMIT 1   [ RunTime:0.0000s ]
SQL: SELECT `parentid` FROM `iuc_menu` WHERE `id` = 162 LIMIT 1   [ RunTime:0.0000s ]
SQL: INSERT INTO `iuc_menu` (`parentid`,`name`,`app`,`model`,`action`,`data`,`icon`,`remark`,`status`,`type`) VALUES ('162','说明书管理','Admin','Products','desList','','','','1','1') [ RunTime:0.0000s ]
SQL: SELECT * FROM `iuc_auth_rule` WHERE `name` = 'admin/products/deslist' LIMIT 1   [ RunTime:0.0010s ]

[ 2015-07-07T18:11:02+08:00 ] 127.0.0.1 /index.php?g=Admin&m=Menu&a=index
NOTIC: D方法实例化没找到模型类Common\Model\AuthRuleModel

[ 2015-07-07T18:11:11+08:00 ] 127.0.0.1 /index.php?g=Admin&m=Products&a=desList&menuid=163
ERR: 无法加载控制器:Products

[ 2015-07-07T18:15:21+08:00 ] 127.0.0.1 /index.php?g=Admin&m=Products&a=desList&menuid=163
ERR: SQLSTATE[42S02]: Base table or view not found: 1146 Table 'iucars.iuc_info' doesn't exist

[ 2015-07-07T18:18:11+08:00 ] 127.0.0.1 /index.php?g=Admin&m=Products&a=desList&menuid=163
ERR: SQLSTATE[42S02]: Base table or view not found: 1146 Table 'iucars.iuc_info' doesn't exist

[ 2015-07-07T18:21:06+08:00 ] 127.0.0.1 /index.php?g=Admin&m=Products&a=desList&menuid=163
ERR: 模板不存在:tpl_admin/simpleboot/Admin/Products/deslist.html

[ 2015-07-07T18:30:15+08:00 ] 127.0.0.1 /index.php?g=Admin&m=Menu&a=index&menuid=100
NOTIC: D方法实例化没找到模型类Common\Model\AuthRuleModel

[ 2015-07-07T18:30:24+08:00 ] 127.0.0.1 /index.php?g=Admin&m=Menu&a=edit&id=162&menuid=100
NOTIC: D方法实例化没找到模型类Common\Model\AuthRuleModel

[ 2015-07-07T18:30:49+08:00 ] 127.0.0.1 /index.php?g=Admin&m=Menu&a=edit_post
INFO: [ app_begin ] --START--
INFO: Run Behavior\ReadHtmlCacheBehavior [ RunTime:0.001000s ]
INFO: Run Behavior\CheckLangBehavior [ RunTime:0.001000s ]
INFO: [ app_begin ] --END-- [ RunTime:0.002000s ]
SQL: SHOW COLUMNS FROM `iuc_users` [ RunTime:0.0030s ]
SQL: SELECT * FROM `iuc_users` WHERE ( id=1 ) LIMIT 1   [ RunTime:0.0010s ]
SQL: SHOW COLUMNS FROM `iuc_menu` [ RunTime:0.0030s ]
NOTIC: D方法实例化没找到模型类Common\Model\AuthRuleModel
SQL: SHOW COLUMNS FROM `iuc_auth_rule` [ RunTime:0.0020s ]
SQL: SELECT `id` FROM `iuc_menu` WHERE `app` = 'Products' AND `model` = 'index' AND `action` = 'default' LIMIT 1   [ RunTime:0.0000s ]
SQL: UPDATE `iuc_menu` SET `parentid`='0',`name`='产品管理',`app`='Products',`model`='index',`action`='default',`data`='',`icon`='',`remark`='',`status`='1',`type`='1' WHERE `id` = 162 [ RunTime:0.0010s ]
SQL: SELECT * FROM `iuc_auth_rule` WHERE `name` = 'products/index/default' LIMIT 1   [ RunTime:0.0000s ]
SQL: INSERT INTO `iuc_auth_rule` (`name`,`module`,`type`,`title`) VALUES ('products/index/default','Products','admin_url','产品管理') [ RunTime:0.0010s ]

[ 2015-07-07T18:30:49+08:00 ] 127.0.0.1 /index.php?g=Admin&m=Menu&a=edit&id=162&menuid=100
NOTIC: D方法实例化没找到模型类Common\Model\AuthRuleModel

[ 2015-07-07T18:31:21+08:00 ] 127.0.0.1 /index.php?g=Admin&m=Menu&a=index&menuid=100
NOTIC: D方法实例化没找到模型类Common\Model\AuthRuleModel

[ 2015-07-07T18:31:56+08:00 ] 127.0.0.1 /index.php?g=Admin&m=Menu&a=edit&id=163&menuid=100
NOTIC: D方法实例化没找到模型类Common\Model\AuthRuleModel

[ 2015-07-07T18:32:08+08:00 ] 127.0.0.1 /index.php?g=Admin&m=Menu&a=edit_post
INFO: [ app_begin ] --START--
INFO: Run Behavior\ReadHtmlCacheBehavior [ RunTime:0.001001s ]
INFO: Run Behavior\CheckLangBehavior [ RunTime:0.001000s ]
INFO: [ app_begin ] --END-- [ RunTime:0.003001s ]
SQL: SHOW COLUMNS FROM `iuc_users` [ RunTime:0.0020s ]
SQL: SELECT * FROM `iuc_users` WHERE ( id=1 ) LIMIT 1   [ RunTime:0.0000s ]
SQL: SHOW COLUMNS FROM `iuc_menu` [ RunTime:0.0020s ]
NOTIC: D方法实例化没找到模型类Common\Model\AuthRuleModel
SQL: SHOW COLUMNS FROM `iuc_auth_rule` [ RunTime:0.0010s ]
SQL: SELECT `id` FROM `iuc_menu` WHERE `app` = 'Products' AND `model` = 'index' AND `action` = 'desList' LIMIT 1   [ RunTime:0.0000s ]
SQL: UPDATE `iuc_menu` SET `parentid`='162',`name`='说明书管理',`app`='Products',`model`='index',`action`='desList',`data`='',`icon`='',`remark`='',`status`='1',`type`='1' WHERE `id` = 163 [ RunTime:0.0000s ]
SQL: SELECT * FROM `iuc_auth_rule` WHERE `name` = 'products/index/deslist' LIMIT 1   [ RunTime:0.0010s ]
SQL: INSERT INTO `iuc_auth_rule` (`name`,`module`,`type`,`title`) VALUES ('products/index/deslist','Products','admin_url','说明书管理') [ RunTime:0.0000s ]

[ 2015-07-07T18:32:08+08:00 ] 127.0.0.1 /index.php?g=Admin&m=Menu&a=edit&id=163&menuid=100
NOTIC: D方法实例化没找到模型类Common\Model\AuthRuleModel

[ 2015-07-07T18:32:25+08:00 ] 127.0.0.1 /index.php?g=Admin&m=Products&a=desList&menuid=163
ERR: 无法加载控制器:Products

[ 2015-07-07T18:32:36+08:00 ] 127.0.0.1 /index.php?g=Admin&m=Products&a=desList&menuid=163
ERR: 无法加载控制器:Products

[ 2015-07-07T18:41:45+08:00 ] 127.0.0.1 /index.php?g=Admin&m=Menu&a=index&menuid=100
NOTIC: D方法实例化没找到模型类Common\Model\AuthRuleModel

[ 2015-07-07T18:41:53+08:00 ] 127.0.0.1 /index.php?g=Admin&m=Menu&a=edit&id=162&menuid=100
NOTIC: D方法实例化没找到模型类Common\Model\AuthRuleModel

[ 2015-07-07T18:42:00+08:00 ] 127.0.0.1 /index.php?g=Admin&m=Menu&a=edit&id=163&menuid=100
NOTIC: D方法实例化没找到模型类Common\Model\AuthRuleModel

[ 2015-07-07T18:42:12+08:00 ] 127.0.0.1 /index.php?g=Admin&m=Menu&a=edit_post
INFO: [ app_begin ] --START--
INFO: Run Behavior\ReadHtmlCacheBehavior [ RunTime:0.000000s ]
INFO: Run Behavior\CheckLangBehavior [ RunTime:0.001000s ]
INFO: [ app_begin ] --END-- [ RunTime:0.002000s ]
SQL: SHOW COLUMNS FROM `iuc_users` [ RunTime:0.0020s ]
SQL: SELECT * FROM `iuc_users` WHERE ( id=1 ) LIMIT 1   [ RunTime:0.0000s ]
SQL: SHOW COLUMNS FROM `iuc_menu` [ RunTime:0.0020s ]
NOTIC: D方法实例化没找到模型类Common\Model\AuthRuleModel
SQL: SHOW COLUMNS FROM `iuc_auth_rule` [ RunTime:0.0020s ]
SQL: SELECT `id` FROM `iuc_menu` WHERE `app` = 'Products' AND `model` = 'Index' AND `action` = 'desList' LIMIT 1   [ RunTime:0.0000s ]
SQL: UPDATE `iuc_menu` SET `parentid`='162',`name`='说明书管理',`app`='Products',`model`='Index',`action`='desList',`data`='',`icon`='',`remark`='',`status`='1',`type`='1' WHERE `id` = 163 [ RunTime:0.0010s ]
SQL: SELECT * FROM `iuc_auth_rule` WHERE `name` = 'products/index/deslist' LIMIT 1   [ RunTime:0.0000s ]
SQL: UPDATE `iuc_auth_rule` SET `name`='products/index/deslist',`module`='Products',`type`='admin_url',`title`='说明书管理' WHERE `name` = 'products/index/deslist' [ RunTime:0.0010s ]

[ 2015-07-07T18:42:12+08:00 ] 127.0.0.1 /index.php?g=Admin&m=Menu&a=edit&id=163&menuid=100
NOTIC: D方法实例化没找到模型类Common\Model\AuthRuleModel

[ 2015-07-07T18:42:49+08:00 ] 127.0.0.1 /index.php?g=Admin&m=Menu&a=index&menuid=100
NOTIC: D方法实例化没找到模型类Common\Model\AuthRuleModel

[ 2015-07-07T18:43:02+08:00 ] 127.0.0.1 /index.php?g=Admin&m=Menu&a=edit&id=7&menuid=100
NOTIC: D方法实例化没找到模型类Common\Model\AuthRuleModel

[ 2015-07-07T18:43:21+08:00 ] 127.0.0.1 /index.php?g=Admin&m=Menu&a=edit&id=162&menuid=100
NOTIC: D方法实例化没找到模型类Common\Model\AuthRuleModel

[ 2015-07-07T18:43:28+08:00 ] 127.0.0.1 /index.php?g=Admin&m=Menu&a=edit_post
INFO: [ app_begin ] --START--
INFO: Run Behavior\ReadHtmlCacheBehavior [ RunTime:0.000000s ]
INFO: Run Behavior\CheckLangBehavior [ RunTime:0.001000s ]
INFO: [ app_begin ] --END-- [ RunTime:0.002000s ]
SQL: SHOW COLUMNS FROM `iuc_users` [ RunTime:0.0020s ]
SQL: SELECT * FROM `iuc_users` WHERE ( id=1 ) LIMIT 1   [ RunTime:0.0000s ]
SQL: SHOW COLUMNS FROM `iuc_menu` [ RunTime:0.0020s ]
NOTIC: D方法实例化没找到模型类Common\Model\AuthRuleModel
SQL: SHOW COLUMNS FROM `iuc_auth_rule` [ RunTime:0.0020s ]
SQL: SELECT `id` FROM `iuc_menu` WHERE `app` = 'Products' AND `model` = 'Index' AND `action` = 'default' LIMIT 1   [ RunTime:0.0010s ]
SQL: UPDATE `iuc_menu` SET `parentid`='0',`name`='产品管理',`app`='Products',`model`='Index',`action`='default',`data`='',`icon`='',`remark`='',`status`='1',`type`='1' WHERE `id` = 162 [ RunTime:0.0000s ]
SQL: SELECT * FROM `iuc_auth_rule` WHERE `name` = 'products/index/default' LIMIT 1   [ RunTime:0.0000s ]
SQL: UPDATE `iuc_auth_rule` SET `name`='products/index/default',`module`='Products',`type`='admin_url',`title`='产品管理' WHERE `name` = 'products/index/default' [ RunTime:0.0010s ]

[ 2015-07-07T18:43:28+08:00 ] 127.0.0.1 /index.php?g=Admin&m=Menu&a=edit&id=162&menuid=100
NOTIC: D方法实例化没找到模型类Common\Model\AuthRuleModel

[ 2015-07-07T18:43:30+08:00 ] 127.0.0.1 /index.php?g=Admin&m=Menu&a=index&menuid=100
NOTIC: D方法实例化没找到模型类Common\Model\AuthRuleModel

[ 2015-07-07T19:21:01+08:00 ] 127.0.0.1 /index.php?g=Admin&m=Menu&a=index&menuid=100
NOTIC: D方法实例化没找到模型类Common\Model\AuthRuleModel

