[ 2015-07-13T09:20:26+08:00 ] 127.0.0.1 /index.php?g=Admin&m=public&a=dologin
INFO: [ app_begin ] --START--
INFO: Run Behavior\ReadHtmlCacheBehavior [ RunTime:0.001000s ]
INFO: Run Behavior\CheckLangBehavior [ RunTime:0.001000s ]
INFO: [ app_begin ] --END-- [ RunTime:0.002000s ]
SQL: SHOW COLUMNS FROM `iuc_users` [ RunTime:0.0020s ]
SQL: SELECT * FROM `iuc_users` WHERE `user_login` = 'admin' LIMIT 1   [ RunTime:0.0010s ]
SQL: SHOW COLUMNS FROM `iuc_role_user` [ RunTime:0.0010s ]
SQL: SELECT `role_id` FROM iuc_role_user a INNER JOIN iuc_role as b on a.role_id =b.id  WHERE `user_id` = '1' AND `status` = 1  [ RunTime:0.0000s ]
SQL: UPDATE `iuc_users` SET `user_login`='admin',`user_pass`='ebd5a5bd2f77e10adc3949ba59abbe56e057f20f883ebdd7',`user_nicename`='admin',`user_email`='1716583003@qq.com',`user_url`='',`avatar`=NULL,`sex`='0',`birthday`=NULL,`signature`=NULL,`last_login_ip`='127.0.0.1',`last_login_time`='2015-07-13 09:20:26',`create_time`='2015-07-07 05:53:24',`user_activation_key`='',`user_status`='1',`score`='0',`user_type`='1' WHERE `id` = '1' [ RunTime:0.0000s ]

[ 2015-07-13T14:25:55+08:00 ] 127.0.0.1 /index.php?g=Admin&m=public&a=dologin
INFO: [ app_begin ] --START--
INFO: Run Behavior\ReadHtmlCacheBehavior [ RunTime:0.000000s ]
INFO: Run Behavior\CheckLangBehavior [ RunTime:0.002000s ]
INFO: [ app_begin ] --END-- [ RunTime:0.003000s ]

[ 2015-07-13T14:26:00+08:00 ] 127.0.0.1 /index.php?g=Admin&m=public&a=dologin
INFO: [ app_begin ] --START--
INFO: Run Behavior\ReadHtmlCacheBehavior [ RunTime:0.001000s ]
INFO: Run Behavior\CheckLangBehavior [ RunTime:0.001000s ]
INFO: [ app_begin ] --END-- [ RunTime:0.002000s ]
SQL: SHOW COLUMNS FROM `iuc_users` [ RunTime:0.0030s ]
SQL: SELECT * FROM `iuc_users` WHERE `user_login` = 'admin' LIMIT 1   [ RunTime:0.0010s ]
SQL: SHOW COLUMNS FROM `iuc_role_user` [ RunTime:0.0020s ]
SQL: SELECT `role_id` FROM iuc_role_user a INNER JOIN iuc_role as b on a.role_id =b.id  WHERE `user_id` = '1' AND `status` = 1  [ RunTime:0.0010s ]
SQL: UPDATE `iuc_users` SET `user_login`='admin',`user_pass`='ebd5a5bd2f77e10adc3949ba59abbe56e057f20f883ebdd7',`user_nicename`='admin',`user_email`='1716583003@qq.com',`user_url`='',`avatar`=NULL,`sex`='0',`birthday`=NULL,`signature`=NULL,`last_login_ip`='127.0.0.1',`last_login_time`='2015-07-13 14:26:00',`create_time`='2015-07-07 05:53:24',`user_activation_key`='',`user_status`='1',`score`='0',`user_type`='1' WHERE `id` = '1' [ RunTime:0.0010s ]

[ 2015-07-13T15:38:56+08:00 ] 127.0.0.1 /index.php?g=Admin&m=public&a=dologin
INFO: [ app_begin ] --START--
INFO: Run Behavior\ReadHtmlCacheBehavior [ RunTime:0.001000s ]
INFO: Run Behavior\CheckLangBehavior [ RunTime:0.001000s ]
INFO: [ app_begin ] --END-- [ RunTime:0.002000s ]
SQL: SHOW COLUMNS FROM `iuc_users` [ RunTime:0.0020s ]
SQL: SELECT * FROM `iuc_users` WHERE `user_login` = 'admin' LIMIT 1   [ RunTime:0.0000s ]
SQL: SHOW COLUMNS FROM `iuc_role_user` [ RunTime:0.0280s ]
SQL: SELECT `role_id` FROM iuc_role_user a INNER JOIN iuc_role as b on a.role_id =b.id  WHERE `user_id` = '1' AND `status` = 1  [ RunTime:0.0000s ]
SQL: UPDATE `iuc_users` SET `user_login`='admin',`user_pass`='ebd5a5bd2f77e10adc3949ba59abbe56e057f20f883ebdd7',`user_nicename`='admin',`user_email`='1716583003@qq.com',`user_url`='',`avatar`=NULL,`sex`='0',`birthday`=NULL,`signature`=NULL,`last_login_ip`='127.0.0.1',`last_login_time`='2015-07-13 15:38:56',`create_time`='2015-07-07 05:53:24',`user_activation_key`='',`user_status`='1',`score`='0',`user_type`='1' WHERE `id` = '1' [ RunTime:0.0000s ]

[ 2015-07-13T15:57:30+08:00 ] 127.0.0.1 /index.php?g=Admin&m=public&a=dologin
INFO: [ app_begin ] --START--
INFO: Run Behavior\ReadHtmlCacheBehavior [ RunTime:0.001000s ]
INFO: Run Behavior\CheckLangBehavior [ RunTime:0.001000s ]
INFO: [ app_begin ] --END-- [ RunTime:0.002000s ]
SQL: SHOW COLUMNS FROM `iuc_users` [ RunTime:0.0020s ]
SQL: SELECT * FROM `iuc_users` WHERE `user_login` = 'admin' LIMIT 1   [ RunTime:0.0000s ]
SQL: SHOW COLUMNS FROM `iuc_role_user` [ RunTime:0.0010s ]
SQL: SELECT `role_id` FROM iuc_role_user a INNER JOIN iuc_role as b on a.role_id =b.id  WHERE `user_id` = '1' AND `status` = 1  [ RunTime:0.0010s ]
SQL: UPDATE `iuc_users` SET `user_login`='admin',`user_pass`='ebd5a5bd2f77e10adc3949ba59abbe56e057f20f883ebdd7',`user_nicename`='admin',`user_email`='1716583003@qq.com',`user_url`='',`avatar`=NULL,`sex`='0',`birthday`=NULL,`signature`=NULL,`last_login_ip`='127.0.0.1',`last_login_time`='2015-07-13 15:57:30',`create_time`='2015-07-07 05:53:24',`user_activation_key`='',`user_status`='1',`score`='0',`user_type`='1' WHERE `id` = '1' [ RunTime:0.0000s ]

