[ 2015-07-14T12:01:36+08:00 ] 192.168.0.147 /index.php?g=Product&m=Index&a=classEdit
INFO: [ app_begin ] --START--
INFO: Run Behavior\ReadHtmlCacheBehavior [ RunTime:0.001000s ]
INFO: Run Behavior\CheckLangBehavior [ RunTime:0.001000s ]
INFO: [ app_begin ] --END-- [ RunTime:0.002000s ]
SQL: SHOW COLUMNS FROM `iuc_users` [ RunTime:0.0020s ]
SQL: SELECT * FROM `iuc_users` WHERE ( id=1 ) LIMIT 1   [ RunTime:0.0010s ]
SQL: SHOW COLUMNS FROM `iuc_class` [ RunTime:0.0020s ]
SQL: UPDATE `iuc_class` SET `id`='93',`parentid`='0',`classname`='车震',`image`='',`description`='车震',`disabled`='1',`edittime`='1436846496' WHERE `id` = 93 [ RunTime:0.0010s ]

[ 2015-07-14T14:27:10+08:00 ] 192.168.0.147 /index.php?g=Product&m=Index&a=classEdit
INFO: [ app_begin ] --START--
INFO: Run Behavior\ReadHtmlCacheBehavior [ RunTime:0.000000s ]
INFO: Run Behavior\CheckLangBehavior [ RunTime:0.001000s ]
INFO: [ app_begin ] --END-- [ RunTime:0.002000s ]
SQL: SHOW COLUMNS FROM `iuc_users` [ RunTime:0.0020s ]
SQL: SELECT * FROM `iuc_users` WHERE ( id=1 ) LIMIT 1   [ RunTime:0.0010s ]
SQL: SHOW COLUMNS FROM `iuc_class` [ RunTime:0.0020s ]
SQL: UPDATE `iuc_class` SET `id`='94',`parentid`='93',`classname`='测试',`image`='/data/upload/559d0a290174f.png',`description`='测试',`disabled`='0',`edittime`='1436855230' WHERE `id` = 94 [ RunTime:0.0000s ]

[ 2015-07-14T14:27:22+08:00 ] 192.168.0.147 /index.php?g=Product&m=index&a=classRecovery&id=94
INFO: [ app_begin ] --START--
INFO: Run Behavior\ReadHtmlCacheBehavior [ RunTime:0.001001s ]
INFO: Run Behavior\CheckLangBehavior [ RunTime:0.001000s ]
INFO: [ app_begin ] --END-- [ RunTime:0.002001s ]
SQL: SHOW COLUMNS FROM `iuc_users` [ RunTime:0.0020s ]
SQL: SELECT * FROM `iuc_users` WHERE ( id=1 ) LIMIT 1   [ RunTime:0.0010s ]
SQL: SHOW COLUMNS FROM `iuc_class` [ RunTime:0.0020s ]
SQL: UPDATE `iuc_class` SET `disabled`='1' WHERE `id` = 94 [ RunTime:0.0000s ]

[ 2015-07-14T14:27:41+08:00 ] 192.168.0.147 /index.php?g=Product&m=Index&a=classEdit
INFO: [ app_begin ] --START--
INFO: Run Behavior\ReadHtmlCacheBehavior [ RunTime:0.000000s ]
INFO: Run Behavior\CheckLangBehavior [ RunTime:0.002000s ]
INFO: [ app_begin ] --END-- [ RunTime:0.003001s ]
SQL: SHOW COLUMNS FROM `iuc_users` [ RunTime:0.0010s ]
SQL: SELECT * FROM `iuc_users` WHERE ( id=1 ) LIMIT 1   [ RunTime:0.0000s ]
SQL: SHOW COLUMNS FROM `iuc_class` [ RunTime:0.0020s ]
SQL: UPDATE `iuc_class` SET `id`='98',`parentid`='93',`classname`='测',`image`='',`description`='测',`disabled`='1',`edittime`='1436855261' WHERE `id` = 98 [ RunTime:0.0010s ]

